<?xml version="1.0" encoding="UTF-8"?>
<!-- Generated by org.testng.reporters.JUnitXMLReporter -->
<testsuite ignored="0" hostname="HP-PC" failures="0" tests="3" name="Test" time="0.213" errors="0" timestamp="2022-05-04T10:15:47 IST">
  <testcase classname="com.base.BaseClass" name="@BeforeMethod setUp" time="0.008">
    <failure type="java.lang.NullPointerException">
      <![CDATA[java.lang.NullPointerException
at com.base.BaseClass.setUp(BaseClass.java:17)
at java.base/java.util.ArrayList.forEach(ArrayList.java:1541)
... Removed 31 stack frames]]>
    </failure>
  </testcase> <!-- @BeforeMethod setUp -->
  <testcase classname="com.base.BaseClass" name="@AfterMethod tearDown" time="-1.651639547264E9">
    <skipped/>
  </testcase> <!-- @AfterMethod tearDown -->
  <testcase classname="com.base.BaseClass" name="@BeforeMethod setUp" time="-1.651639547276E9">
    <skipped/>
  </testcase> <!-- @BeforeMethod setUp -->
  <testcase classname="com.base.BaseClass" name="@AfterMethod tearDown" time="-1.651639547306E9">
    <skipped/>
  </testcase> <!-- @AfterMethod tearDown -->
  <testcase classname="com.base.BaseClass" name="@BeforeMethod setUp" time="-1.651639547312E9">
    <skipped/>
  </testcase> <!-- @BeforeMethod setUp -->
  <testcase classname="com.base.BaseClass" name="@AfterMethod tearDown" time="-1.651639547342E9">
    <skipped/>
  </testcase> <!-- @AfterMethod tearDown -->
  <testcase classname="com.TestScripts.TestClass" name="testCaseone" time="0.001">
    <skipped/>
  </testcase> <!-- testCaseone -->
  <testcase classname="com.TestScripts.TestClass" name="testCasethree" time="0.0">
    <skipped/>
  </testcase> <!-- testCasethree -->
  <testcase classname="com.TestScripts.TestClass" name="testCasetwo" time="0.0">
    <skipped/>
  </testcase> <!-- testCasetwo -->
</testsuite> <!-- Test -->
